The system is: Linux - 3.12.8-300.fc20.x86_64 - x86_64
Compiling the C compiler identification source file "CMakeCCompilerId.c" succeeded.
Compiler: /usr/bin/cc 
Build flags: 
Id flags: 

The output was:
0


Compilation of the C compiler identification source "CMakeCCompilerId.c" produced "a.out"

The C compiler identification is GNU, found in "/home/sns/src/cgreen-code/cgreen/build/build-c++/CMakeFiles/2.8.12.1/CompilerIdC/a.out"

Determining if the C compiler works passed with the following output:
Change Dir: /home/sns/src/cgreen-code/cgreen/build/build-c++/CMakeFiles/CMakeTmp

Run Build Command:/usr/bin/gmake "cmTryCompileExec22629898/fast"
gmake[2]: Entering directory `/home/sns/src/cgreen-code/cgreen/build/build-c++/CMakeFiles/CMakeTmp'
/usr/bin/gmake -f CMakeFiles/cmTryCompileExec22629898.dir/build.make CMakeFiles/cmTryCompileExec22629898.dir/build
gmake[3]: Entering directory `/home/sns/src/cgreen-code/cgreen/build/build-c++/CMakeFiles/CMakeTmp'
/usr/bin/cmake -E cmake_progress_report /home/sns/src/cgreen-code/cgreen/build/build-c++/CMakeFiles/CMakeTmp/CMakeFiles 1
Building C object CMakeFiles/cmTryCompileExec22629898.dir/testCCompiler.c.o
/usr/bin/cc    -o CMakeFiles/cmTryCompileExec22629898.dir/testCCompiler.c.o   -c /home/sns/src/cgreen-code/cgreen/build/build-c++/CMakeFiles/CMakeTmp/testCCompiler.c
Linking C executable cmTryCompileExec22629898
/usr/bin/cmake -E cmake_link_script CMakeFiles/cmTryCompileExec22629898.dir/link.txt --verbose=1
/usr/bin/cc       CMakeFiles/cmTryCompileExec22629898.dir/testCCompiler.c.o  -o cmTryCompileExec22629898 -rdynamic 
gmake[3]: Leaving directory `/home/sns/src/cgreen-code/cgreen/build/build-c++/CMakeFiles/CMakeTmp'
gmake[2]: Leaving directory `/home/sns/src/cgreen-code/cgreen/build/build-c++/CMakeFiles/CMakeTmp'


Detecting C compiler ABI info compiled with the following output:
Change Dir: /home/sns/src/cgreen-code/cgreen/build/build-c++/CMakeFiles/CMakeTmp

Run Build Command:/usr/bin/gmake "cmTryCompileExec2129986100/fast"
gmake[2]: Entering directory `/home/sns/src/cgreen-code/cgreen/build/build-c++/CMakeFiles/CMakeTmp'
/usr/bin/gmake -f CMakeFiles/cmTryCompileExec2129986100.dir/build.make CMakeFiles/cmTryCompileExec2129986100.dir/build
gmake[3]: Entering directory `/home/sns/src/cgreen-code/cgreen/build/build-c++/CMakeFiles/CMakeTmp'
/usr/bin/cmake -E cmake_progress_report /home/sns/src/cgreen-code/cgreen/build/build-c++/CMakeFiles/CMakeTmp/CMakeFiles 1
Building C object CMakeFiles/cmTryCompileExec2129986100.dir/CMakeCCompilerABI.c.o
/usr/bin/cc    -o CMakeFiles/cmTryCompileExec2129986100.dir/CMakeCCompilerABI.c.o   -c /usr/share/cmake/Modules/CMakeCCompilerABI.c
Linking C executable cmTryCompileExec2129986100
/usr/bin/cmake -E cmake_link_script CMakeFiles/cmTryCompileExec2129986100.dir/link.txt --verbose=1
/usr/bin/cc     -v CMakeFiles/cmTryCompileExec2129986100.dir/CMakeCCompilerABI.c.o  -o cmTryCompileExec2129986100 -rdynamic  
Using built-in specs.
COLLECT_GCC=/usr/bin/cc
COLLECT_LTO_WRAPPER=/usr/libexec/gcc/x86_64-redhat-linux/4.8.2/lto-wrapper
Target: x86_64-redhat-linux
Configured with: ../configure --prefix=/usr --mandir=/usr/share/man --infodir=/usr/share/info --with-bugurl=http://bugzilla.redhat.com/bugzilla --enable-bootstrap --enable-shared --enable-threads=posix --enable-checking=release --with-system-zlib --enable-__cxa_atexit --disable-libunwind-exceptions --enable-gnu-unique-object --enable-linker-build-id --with-linker-hash-style=gnu --enable-languages=c,c++,objc,obj-c++,java,fortran,ada,go,lto --enable-plugin --enable-initfini-array --enable-java-awt=gtk --disable-dssi --with-java-home=/usr/lib/jvm/java-1.5.0-gcj-1.5.0.0/jre --enable-libgcj-multifile --enable-java-maintainer-mode --with-ecj-jar=/usr/share/java/eclipse-ecj.jar --disable-libjava-multilib --with-isl=/builddir/build/BUILD/gcc-4.8.2-20131212/obj-x86_64-redhat-linux/isl-install --with-cloog=/builddir/build/BUILD/gcc-4.8.2-20131212/obj-x86_64-redhat-linux/cloog-install --with-tune=generic --with-arch_32=i686 --build=x86_64-redhat-linux
Thread model: posix
gcc version 4.8.2 20131212 (Red Hat 4.8.2-7) (GCC) 
COMPILER_PATH=/usr/libexec/gcc/x86_64-redhat-linux/4.8.2/:/usr/libexec/gcc/x86_64-redhat-linux/4.8.2/:/usr/libexec/gcc/x86_64-redhat-linux/:/usr/lib/gcc/x86_64-redhat-linux/4.8.2/:/usr/lib/gcc/x86_64-redhat-linux/
LIBRARY_PATH=/usr/lib/gcc/x86_64-redhat-linux/4.8.2/:/usr/lib/gcc/x86_64-redhat-linux/4.8.2/../../../../lib64/:/lib/../lib64/:/usr/lib/../lib64/:/usr/lib/gcc/x86_64-redhat-linux/4.8.2/../../../:/lib/:/usr/lib/
COLLECT_GCC_OPTIONS='-v' '-o' 'cmTryCompileExec2129986100' '-rdynamic' '-mtune=generic' '-march=x86-64'
 /usr/libexec/gcc/x86_64-redhat-linux/4.8.2/collect2 --build-id --no-add-needed --eh-frame-hdr --hash-style=gnu -m elf_x86_64 -export-dynamic -dynamic-linker /lib64/ld-linux-x86-64.so.2 -o cmTryCompileExec2129986100 /usr/lib/gcc/x86_64-redhat-linux/4.8.2/../../../../lib64/crt1.o /usr/lib/gcc/x86_64-redhat-linux/4.8.2/../../../../lib64/crti.o /usr/lib/gcc/x86_64-redhat-linux/4.8.2/crtbegin.o -L/usr/lib/gcc/x86_64-redhat-linux/4.8.2 -L/usr/lib/gcc/x86_64-redhat-linux/4.8.2/../../../../lib64 -L/lib/../lib64 -L/usr/lib/../lib64 -L/usr/lib/gcc/x86_64-redhat-linux/4.8.2/../../.. CMakeFiles/cmTryCompileExec2129986100.dir/CMakeCCompilerABI.c.o -lgcc --as-needed -lgcc_s --no-as-needed -lc -lgcc --as-needed -lgcc_s --no-as-needed /usr/lib/gcc/x86_64-redhat-linux/4.8.2/crtend.o /usr/lib/gcc/x86_64-redhat-linux/4.8.2/../../../../lib64/crtn.o
gmake[3]: Leaving directory `/home/sns/src/cgreen-code/cgreen/build/build-c++/CMakeFiles/CMakeTmp'
gmake[2]: Leaving directory `/home/sns/src/cgreen-code/cgreen/build/build-c++/CMakeFiles/CMakeTmp'


Parsed C implicit link information from above output:
  link line regex: [^( *|.*[/\])(ld|([^/\]+-)?ld|collect2)[^/\]*( |$)]
  ignore line: [Change Dir: /home/sns/src/cgreen-code/cgreen/build/build-c++/CMakeFiles/CMakeTmp]
  ignore line: []
  ignore line: [Run Build Command:/usr/bin/gmake "cmTryCompileExec2129986100/fast"]
  ignore line: [gmake[2]: Entering directory `/home/sns/src/cgreen-code/cgreen/build/build-c++/CMakeFiles/CMakeTmp']
  ignore line: [/usr/bin/gmake -f CMakeFiles/cmTryCompileExec2129986100.dir/build.make CMakeFiles/cmTryCompileExec2129986100.dir/build]
  ignore line: [gmake[3]: Entering directory `/home/sns/src/cgreen-code/cgreen/build/build-c++/CMakeFiles/CMakeTmp']
  ignore line: [/usr/bin/cmake -E cmake_progress_report /home/sns/src/cgreen-code/cgreen/build/build-c++/CMakeFiles/CMakeTmp/CMakeFiles 1]
  ignore line: [Building C object CMakeFiles/cmTryCompileExec2129986100.dir/CMakeCCompilerABI.c.o]
  ignore line: [/usr/bin/cc    -o CMakeFiles/cmTryCompileExec2129986100.dir/CMakeCCompilerABI.c.o   -c /usr/share/cmake/Modules/CMakeCCompilerABI.c]
  ignore line: [Linking C executable cmTryCompileExec2129986100]
  ignore line: [/usr/bin/cmake -E cmake_link_script CMakeFiles/cmTryCompileExec2129986100.dir/link.txt --verbose=1]
  ignore line: [/usr/bin/cc     -v CMakeFiles/cmTryCompileExec2129986100.dir/CMakeCCompilerABI.c.o  -o cmTryCompileExec2129986100 -rdynamic  ]
  ignore line: [Using built-in specs.]
  ignore line: [COLLECT_GCC=/usr/bin/cc]
  ignore line: [COLLECT_LTO_WRAPPER=/usr/libexec/gcc/x86_64-redhat-linux/4.8.2/lto-wrapper]
  ignore line: [Target: x86_64-redhat-linux]
  ignore line: [Configured with: ../configure --prefix=/usr --mandir=/usr/share/man --infodir=/usr/share/info --with-bugurl=http://bugzilla.redhat.com/bugzilla --enable-bootstrap --enable-shared --enable-threads=posix --enable-checking=release --with-system-zlib --enable-__cxa_atexit --disable-libunwind-exceptions --enable-gnu-unique-object --enable-linker-build-id --with-linker-hash-style=gnu --enable-languages=c,c++,objc,obj-c++,java,fortran,ada,go,lto --enable-plugin --enable-initfini-array --enable-java-awt=gtk --disable-dssi --with-java-home=/usr/lib/jvm/java-1.5.0-gcj-1.5.0.0/jre --enable-libgcj-multifile --enable-java-maintainer-mode --with-ecj-jar=/usr/share/java/eclipse-ecj.jar --disable-libjava-multilib --with-isl=/builddir/build/BUILD/gcc-4.8.2-20131212/obj-x86_64-redhat-linux/isl-install --with-cloog=/builddir/build/BUILD/gcc-4.8.2-20131212/obj-x86_64-redhat-linux/cloog-install --with-tune=generic --with-arch_32=i686 --build=x86_64-redhat-linux]
  ignore line: [Thread model: posix]
  ignore line: [gcc version 4.8.2 20131212 (Red Hat 4.8.2-7) (GCC) ]
  ignore line: [COMPILER_PATH=/usr/libexec/gcc/x86_64-redhat-linux/4.8.2/:/usr/libexec/gcc/x86_64-redhat-linux/4.8.2/:/usr/libexec/gcc/x86_64-redhat-linux/:/usr/lib/gcc/x86_64-redhat-linux/4.8.2/:/usr/lib/gcc/x86_64-redhat-linux/]
  ignore line: [LIBRARY_PATH=/usr/lib/gcc/x86_64-redhat-linux/4.8.2/:/usr/lib/gcc/x86_64-redhat-linux/4.8.2/../../../../lib64/:/lib/../lib64/:/usr/lib/../lib64/:/usr/lib/gcc/x86_64-redhat-linux/4.8.2/../../../:/lib/:/usr/lib/]
  ignore line: [COLLECT_GCC_OPTIONS='-v' '-o' 'cmTryCompileExec2129986100' '-rdynamic' '-mtune=generic' '-march=x86-64']
  link line: [ /usr/libexec/gcc/x86_64-redhat-linux/4.8.2/collect2 --build-id --no-add-needed --eh-frame-hdr --hash-style=gnu -m elf_x86_64 -export-dynamic -dynamic-linker /lib64/ld-linux-x86-64.so.2 -o cmTryCompileExec2129986100 /usr/lib/gcc/x86_64-redhat-linux/4.8.2/../../../../lib64/crt1.o /usr/lib/gcc/x86_64-redhat-linux/4.8.2/../../../../lib64/crti.o /usr/lib/gcc/x86_64-redhat-linux/4.8.2/crtbegin.o -L/usr/lib/gcc/x86_64-redhat-linux/4.8.2 -L/usr/lib/gcc/x86_64-redhat-linux/4.8.2/../../../../lib64 -L/lib/../lib64 -L/usr/lib/../lib64 -L/usr/lib/gcc/x86_64-redhat-linux/4.8.2/../../.. CMakeFiles/cmTryCompileExec2129986100.dir/CMakeCCompilerABI.c.o -lgcc --as-needed -lgcc_s --no-as-needed -lc -lgcc --as-needed -lgcc_s --no-as-needed /usr/lib/gcc/x86_64-redhat-linux/4.8.2/crtend.o /usr/lib/gcc/x86_64-redhat-linux/4.8.2/../../../../lib64/crtn.o]
    arg [/usr/libexec/gcc/x86_64-redhat-linux/4.8.2/collect2] ==> ignore
    arg [--build-id] ==> ignore
    arg [--no-add-needed] ==> ignore
    arg [--eh-frame-hdr] ==> ignore
    arg [--hash-style=gnu] ==> ignore
    arg [-m] ==> ignore
    arg [elf_x86_64] ==> ignore
    arg [-export-dynamic] ==> ignore
    arg [-dynamic-linker] ==> ignore
    arg [/lib64/ld-linux-x86-64.so.2] ==> ignore
    arg [-o] ==> ignore
    arg [cmTryCompileExec2129986100] ==> ignore
    arg [/usr/lib/gcc/x86_64-redhat-linux/4.8.2/../../../../lib64/crt1.o] ==> ignore
    arg [/usr/lib/gcc/x86_64-redhat-linux/4.8.2/../../../../lib64/crti.o] ==> ignore
    arg [/usr/lib/gcc/x86_64-redhat-linux/4.8.2/crtbegin.o] ==> ignore
    arg [-L/usr/lib/gcc/x86_64-redhat-linux/4.8.2] ==> dir [/usr/lib/gcc/x86_64-redhat-linux/4.8.2]
    arg [-L/usr/lib/gcc/x86_64-redhat-linux/4.8.2/../../../../lib64] ==> dir [/usr/lib/gcc/x86_64-redhat-linux/4.8.2/../../../../lib64]
    arg [-L/lib/../lib64] ==> dir [/lib/../lib64]
    arg [-L/usr/lib/../lib64] ==> dir [/usr/lib/../lib64]
    arg [-L/usr/lib/gcc/x86_64-redhat-linux/4.8.2/../../..] ==> dir [/usr/lib/gcc/x86_64-redhat-linux/4.8.2/../../..]
    arg [CMakeFiles/cmTryCompileExec2129986100.dir/CMakeCCompilerABI.c.o] ==> ignore
    arg [-lgcc] ==> lib [gcc]
    arg [--as-needed] ==> ignore
    arg [-lgcc_s] ==> lib [gcc_s]
    arg [--no-as-needed] ==> ignore
    arg [-lc] ==> lib [c]
    arg [-lgcc] ==> lib [gcc]
    arg [--as-needed] ==> ignore
    arg [-lgcc_s] ==> lib [gcc_s]
    arg [--no-as-needed] ==> ignore
    arg [/usr/lib/gcc/x86_64-redhat-linux/4.8.2/crtend.o] ==> ignore
    arg [/usr/lib/gcc/x86_64-redhat-linux/4.8.2/../../../../lib64/crtn.o] ==> ignore
  remove lib [gcc]
  remove lib [gcc_s]
  remove lib [gcc]
  remove lib [gcc_s]
  collapse library dir [/usr/lib/gcc/x86_64-redhat-linux/4.8.2] ==> [/usr/lib/gcc/x86_64-redhat-linux/4.8.2]
  collapse library dir [/usr/lib/gcc/x86_64-redhat-linux/4.8.2/../../../../lib64] ==> [/usr/lib64]
  collapse library dir [/lib/../lib64] ==> [/lib64]
  collapse library dir [/usr/lib/../lib64] ==> [/usr/lib64]
  collapse library dir [/usr/lib/gcc/x86_64-redhat-linux/4.8.2/../../..] ==> [/usr/lib]
  implicit libs: [c]
  implicit dirs: [/usr/lib/gcc/x86_64-redhat-linux/4.8.2;/usr/lib64;/lib64;/usr/lib]
  implicit fwks: []


Determining if files pthread.h exist passed with the following output:
Change Dir: /home/sns/src/cgreen-code/cgreen/build/build-c++/CMakeFiles/CMakeTmp

Run Build Command:/usr/bin/gmake "cmTryCompileExec3853820389/fast"
gmake[2]: Entering directory `/home/sns/src/cgreen-code/cgreen/build/build-c++/CMakeFiles/CMakeTmp'
/usr/bin/gmake -f CMakeFiles/cmTryCompileExec3853820389.dir/build.make CMakeFiles/cmTryCompileExec3853820389.dir/build
gmake[3]: Entering directory `/home/sns/src/cgreen-code/cgreen/build/build-c++/CMakeFiles/CMakeTmp'
/usr/bin/cmake -E cmake_progress_report /home/sns/src/cgreen-code/cgreen/build/build-c++/CMakeFiles/CMakeTmp/CMakeFiles 1
Building C object CMakeFiles/cmTryCompileExec3853820389.dir/CheckIncludeFiles.c.o
/usr/bin/cc    -o CMakeFiles/cmTryCompileExec3853820389.dir/CheckIncludeFiles.c.o   -c /home/sns/src/cgreen-code/cgreen/build/build-c++/CMakeFiles/CMakeTmp/CheckIncludeFiles.c
Linking C executable cmTryCompileExec3853820389
/usr/bin/cmake -E cmake_link_script CMakeFiles/cmTryCompileExec3853820389.dir/link.txt --verbose=1
/usr/bin/cc       CMakeFiles/cmTryCompileExec3853820389.dir/CheckIncludeFiles.c.o  -o cmTryCompileExec3853820389 -rdynamic 
gmake[3]: Leaving directory `/home/sns/src/cgreen-code/cgreen/build/build-c++/CMakeFiles/CMakeTmp'
gmake[2]: Leaving directory `/home/sns/src/cgreen-code/cgreen/build/build-c++/CMakeFiles/CMakeTmp'


Determining if the function pthread_create exists in the pthread passed with the following output:
Change Dir: /home/sns/src/cgreen-code/cgreen/build/build-c++/CMakeFiles/CMakeTmp

Run Build Command:/usr/bin/gmake "cmTryCompileExec1003128636/fast"
gmake[2]: Entering directory `/home/sns/src/cgreen-code/cgreen/build/build-c++/CMakeFiles/CMakeTmp'
/usr/bin/gmake -f CMakeFiles/cmTryCompileExec1003128636.dir/build.make CMakeFiles/cmTryCompileExec1003128636.dir/build
gmake[3]: Entering directory `/home/sns/src/cgreen-code/cgreen/build/build-c++/CMakeFiles/CMakeTmp'
/usr/bin/cmake -E cmake_progress_report /home/sns/src/cgreen-code/cgreen/build/build-c++/CMakeFiles/CMakeTmp/CMakeFiles 1
Building C object CMakeFiles/cmTryCompileExec1003128636.dir/CheckFunctionExists.c.o
/usr/bin/cc   -DCHECK_FUNCTION_EXISTS=pthread_create   -o CMakeFiles/cmTryCompileExec1003128636.dir/CheckFunctionExists.c.o   -c /usr/share/cmake/Modules/CheckFunctionExists.c
Linking C executable cmTryCompileExec1003128636
/usr/bin/cmake -E cmake_link_script CMakeFiles/cmTryCompileExec1003128636.dir/link.txt --verbose=1
/usr/bin/cc   -DCHECK_FUNCTION_EXISTS=pthread_create    CMakeFiles/cmTryCompileExec1003128636.dir/CheckFunctionExists.c.o  -o cmTryCompileExec1003128636 -rdynamic -lpthread 
gmake[3]: Leaving directory `/home/sns/src/cgreen-code/cgreen/build/build-c++/CMakeFiles/CMakeTmp'
gmake[2]: Leaving directory `/home/sns/src/cgreen-code/cgreen/build/build-c++/CMakeFiles/CMakeTmp'


Performing C SOURCE FILE Test WITH_FPIC succeded with the following output:
Change Dir: /home/sns/src/cgreen-code/cgreen/build/build-c++/CMakeFiles/CMakeTmp

Run Build Command:/usr/bin/gmake "cmTryCompileExec1037071610/fast"
gmake[2]: Entering directory `/home/sns/src/cgreen-code/cgreen/build/build-c++/CMakeFiles/CMakeTmp'
/usr/bin/gmake -f CMakeFiles/cmTryCompileExec1037071610.dir/build.make CMakeFiles/cmTryCompileExec1037071610.dir/build
gmake[3]: Entering directory `/home/sns/src/cgreen-code/cgreen/build/build-c++/CMakeFiles/CMakeTmp'
/usr/bin/cmake -E cmake_progress_report /home/sns/src/cgreen-code/cgreen/build/build-c++/CMakeFiles/CMakeTmp/CMakeFiles 1
Building C object CMakeFiles/cmTryCompileExec1037071610.dir/src.c.o
/usr/bin/cc   -DWITH_FPIC   -fPIC -o CMakeFiles/cmTryCompileExec1037071610.dir/src.c.o   -c /home/sns/src/cgreen-code/cgreen/build/build-c++/CMakeFiles/CMakeTmp/src.c
Linking C executable cmTryCompileExec1037071610
/usr/bin/cmake -E cmake_link_script CMakeFiles/cmTryCompileExec1037071610.dir/link.txt --verbose=1
/usr/bin/cc   -DWITH_FPIC    CMakeFiles/cmTryCompileExec1037071610.dir/src.c.o  -o cmTryCompileExec1037071610 -rdynamic 
gmake[3]: Leaving directory `/home/sns/src/cgreen-code/cgreen/build/build-c++/CMakeFiles/CMakeTmp'
gmake[2]: Leaving directory `/home/sns/src/cgreen-code/cgreen/build/build-c++/CMakeFiles/CMakeTmp'

Source file was:
int main(void) { return 0; }
Performing C SOURCE FILE Test WITH_FORTIFY_SOURCE succeded with the following output:
Change Dir: /home/sns/src/cgreen-code/cgreen/build/build-c++/CMakeFiles/CMakeTmp

Run Build Command:/usr/bin/gmake "cmTryCompileExec3689371036/fast"
gmake[2]: Entering directory `/home/sns/src/cgreen-code/cgreen/build/build-c++/CMakeFiles/CMakeTmp'
/usr/bin/gmake -f CMakeFiles/cmTryCompileExec3689371036.dir/build.make CMakeFiles/cmTryCompileExec3689371036.dir/build
gmake[3]: Entering directory `/home/sns/src/cgreen-code/cgreen/build/build-c++/CMakeFiles/CMakeTmp'
/usr/bin/cmake -E cmake_progress_report /home/sns/src/cgreen-code/cgreen/build/build-c++/CMakeFiles/CMakeTmp/CMakeFiles 1
Building C object CMakeFiles/cmTryCompileExec3689371036.dir/src.c.o
/usr/bin/cc  -D_FORTIFY_SOURCE=2 -DWITH_FORTIFY_SOURCE   -o CMakeFiles/cmTryCompileExec3689371036.dir/src.c.o   -c /home/sns/src/cgreen-code/cgreen/build/build-c++/CMakeFiles/CMakeTmp/src.c
Linking C executable cmTryCompileExec3689371036
/usr/bin/cmake -E cmake_link_script CMakeFiles/cmTryCompileExec3689371036.dir/link.txt --verbose=1
/usr/bin/cc   -DWITH_FORTIFY_SOURCE    CMakeFiles/cmTryCompileExec3689371036.dir/src.c.o  -o cmTryCompileExec3689371036 -rdynamic 
gmake[3]: Leaving directory `/home/sns/src/cgreen-code/cgreen/build/build-c++/CMakeFiles/CMakeTmp'
gmake[2]: Leaving directory `/home/sns/src/cgreen-code/cgreen/build/build-c++/CMakeFiles/CMakeTmp'

Source file was:
int main(void) { return 0; }
